<?xml version="1.0" encoding="UTF-8"?>
<testsuite name="code.challenge5.AppTest" tests="1" skipped="0" failures="0" errors="0" timestamp="2021-08-07T09:26:04" hostname="DESKTOP-N63AM12" time="0.044">
  <properties/>
  <testcase name="testappendAfterLastNode()" classname="code.challenge5.AppTest" time="0.044"/>
  <system-out><![CDATA[{2} ->{22} ->{222} ->{2222} ->{1} ->NULL
]]></system-out>
  <system-err><![CDATA[]]></system-err>
</testsuite>
