<?xml version="1.0" encoding="UTF-8"?>
<testsuite name="LibraryTest" tests="1" skipped="0" failures="0" errors="0" timestamp="2021-09-12T13:25:28" hostname="DESKTOP-N63AM12" time="0.003">
  <properties/>
  <testcase name="testgraphBreadthFirst2" classname="LibraryTest" time="0.003"/>
  <system-out><![CDATA[]]></system-out>
  <system-err><![CDATA[]]></system-err>
</testsuite>
