<?xml version="1.0" encoding="UTF-8"?>
<testsuite name="LibraryTest" tests="1" skipped="0" failures="0" errors="0" timestamp="2021-09-12T12:02:04" hostname="DESKTOP-N63AM12" time="0.007">
  <properties/>
  <testcase name="hashLeftJoinTest4" classname="LibraryTest" time="0.007"/>
  <system-out><![CDATA[]]></system-out>
  <system-err><![CDATA[]]></system-err>
</testsuite>
